[I 2020-12-01 17:29:29,364] A new study created in memory with name: no-name-cf006d1a-9cb7-482c-8156-47b70371a37e
[I 2020-12-01 17:29:48,739] Trial 0 finished with value: 1195.3821634244891 and parameters: {'n_estimators': 531, 'max_depth': 7, 'learning_rate': 0.08699608602211974, 'subsample': 0.8482485190814824, 'colsample_bytree': 0.7554544812969031}. Best is trial 0 with value: 1195.3821634244891.
[I 2020-12-01 17:30:02,963] Trial 1 finished with value: 2280.9801032436053 and parameters: {'n_estimators': 545, 'max_depth': 5, 'learning_rate': 0.05513021893268018, 'subsample': 0.8858993707781619, 'colsample_bytree': 0.10317580119141923}. Best is trial 1 with value: 2280.9801032436053.
[I 2020-12-01 17:30:15,289] Trial 2 finished with value: 1114.62135669689 and parameters: {'n_estimators': 332, 'max_depth': 7, 'learning_rate': 0.0772932835534358, 'subsample': 0.859900726327055, 'colsample_bytree': 0.6955954728458718}. Best is trial 1 with value: 2280.9801032436053.
[I 2020-12-01 17:30:31,609] Trial 3 finished with value: 2160.0349544251753 and parameters: {'n_estimators': 549, 'max_depth': 6, 'learning_rate': 0.0758678108974045, 'subsample': 0.22972762372599848, 'colsample_bytree': 0.4977096650988724}. Best is trial 1 with value: 2280.9801032436053.
[I 2020-12-01 17:30:46,044] Trial 4 finished with value: 1621.9538742180412 and parameters: {'n_estimators': 471, 'max_depth': 6, 'learning_rate': 0.08360866058206207, 'subsample': 0.5929994365936037, 'colsample_bytree': 0.1753156008675742}. Best is trial 1 with value: 2280.9801032436053.
[I 2020-12-01 17:30:56,449] Trial 5 finished with value: 1282.5295657370339 and parameters: {'n_estimators': 369, 'max_depth': 5, 'learning_rate': 0.08237581578900963, 'subsample': 0.12228133322743186, 'colsample_bytree': 0.9450704502110726}. Best is trial 1 with value: 2280.9801032436053.
[I 2020-12-01 17:31:08,794] Trial 6 finished with value: 1819.362160124916 and parameters: {'n_estimators': 325, 'max_depth': 7, 'learning_rate': 0.07915659262456254, 'subsample': 0.38313704208257426, 'colsample_bytree': 0.5393254950547277}. Best is trial 1 with value: 2280.9801032436053.
[I 2020-12-01 17:31:22,698] Trial 7 finished with value: 1465.504356384626 and parameters: {'n_estimators': 457, 'max_depth': 6, 'learning_rate': 0.07489021790316977, 'subsample': 0.7307503584854622, 'colsample_bytree': 0.2820996693305302}. Best is trial 1 with value: 2280.9801032436053.
[I 2020-12-01 17:31:35,373] Trial 8 finished with value: 1704.2162363282573 and parameters: {'n_estimators': 475, 'max_depth': 5, 'learning_rate': 0.04169000792384581, 'subsample': 0.7878000231125456, 'colsample_bytree': 0.8258841261289741}. Best is trial 1 with value: 2280.9801032436053.
[I 2020-12-01 17:31:47,571] Trial 9 finished with value: 1742.981132695194 and parameters: {'n_estimators': 455, 'max_depth': 5, 'learning_rate': 0.06255500097707771, 'subsample': 0.9351559034541456, 'colsample_bytree': 0.8038170871490034}. Best is trial 1 with value: 2280.9801032436053.
[I 2020-12-01 17:32:03,200] Trial 10 finished with value: 2026.7711835439416 and parameters: {'n_estimators': 598, 'max_depth': 5, 'learning_rate': 0.03520321573752233, 'subsample': 0.6105419209709654, 'colsample_bytree': 0.11826534533739808}. Best is trial 1 with value: 2280.9801032436053.
[I 2020-12-01 17:32:20,801] Trial 11 finished with value: 1802.774911008099 and parameters: {'n_estimators': 598, 'max_depth': 6, 'learning_rate': 0.05567883760159119, 'subsample': 0.2852885624859495, 'colsample_bytree': 0.4121752688395862}. Best is trial 1 with value: 2280.9801032436053.
[I 2020-12-01 17:32:36,866] Trial 12 finished with value: 1320.3883266127732 and parameters: {'n_estimators': 537, 'max_depth': 6, 'learning_rate': 0.06176829126217359, 'subsample': 0.1616317350958173, 'colsample_bytree': 0.38304166596390077}. Best is trial 1 with value: 2280.9801032436053.
[I 2020-12-01 17:32:53,180] Trial 13 finished with value: 1649.0852367719388 and parameters: {'n_estimators': 547, 'max_depth': 6, 'learning_rate': 0.05197145992527627, 'subsample': 0.42633224418850363, 'colsample_bytree': 0.586225779371272}. Best is trial 1 with value: 2280.9801032436053.
[I 2020-12-01 17:33:07,757] Trial 14 finished with value: 2062.9155292347773 and parameters: {'n_estimators': 561, 'max_depth': 5, 'learning_rate': 0.06913448407843872, 'subsample': 0.25912336019845583, 'colsample_bytree': 0.21702450301356718}. Best is trial 1 with value: 2280.9801032436053.
[I 2020-12-01 17:33:20,240] Trial 15 finished with value: 1756.4299634479003 and parameters: {'n_estimators': 408, 'max_depth': 6, 'learning_rate': 0.05040309566149663, 'subsample': 0.9837462633461367, 'colsample_bytree': 0.37152339429491277}. Best is trial 1 with value: 2280.9801032436053.
[I 2020-12-01 17:33:33,547] Trial 16 finished with value: 1516.6039436963313 and parameters: {'n_estimators': 504, 'max_depth': 5, 'learning_rate': 0.0681075297145599, 'subsample': 0.46594200866110436, 'colsample_bytree': 0.9699651608072116}. Best is trial 1 with value: 2280.9801032436053.
[I 2020-12-01 17:33:53,451] Trial 17 finished with value: 1611.2719753849944 and parameters: {'n_estimators': 574, 'max_depth': 7, 'learning_rate': 0.044936579558566815, 'subsample': 0.7001978339275013, 'colsample_bytree': 0.538288724885529}. Best is trial 1 with value: 2280.9801032436053.
[I 2020-12-01 17:34:08,850] Trial 18 finished with value: 1370.5663936188685 and parameters: {'n_estimators': 509, 'max_depth': 6, 'learning_rate': 0.08997676684894182, 'subsample': 0.2951083504506373, 'colsample_bytree': 0.29364061156915955}. Best is trial 1 with value: 2280.9801032436053.
[I 2020-12-01 17:34:20,223] Trial 19 finished with value: 1863.9099978350816 and parameters: {'n_estimators': 419, 'max_depth': 5, 'learning_rate': 0.07023031385326686, 'subsample': 0.5214556039533723, 'colsample_bytree': 0.6489499333766786}. Best is trial 1 with value: 2280.9801032436053.
[I 2020-12-01 17:34:37,366] Trial 20 finished with value: 1631.8218075842808 and parameters: {'n_estimators': 581, 'max_depth': 6, 'learning_rate': 0.0582152614713909, 'subsample': 0.1118675564800159, 'colsample_bytree': 0.4824733961329703}. Best is trial 1 with value: 2280.9801032436053.
[I 2020-12-01 17:34:51,961] Trial 21 finished with value: 2188.958329443328 and parameters: {'n_estimators': 555, 'max_depth': 5, 'learning_rate': 0.06824754799732502, 'subsample': 0.2367826161986027, 'colsample_bytree': 0.11106224758989845}. Best is trial 1 with value: 2280.9801032436053.
[I 2020-12-01 17:35:05,306] Trial 22 finished with value: 1934.1642771432946 and parameters: {'n_estimators': 500, 'max_depth': 5, 'learning_rate': 0.06640172576949148, 'subsample': 0.20358636829565646, 'colsample_bytree': 0.10278484004821153}. Best is trial 1 with value: 2280.9801032436053.
[I 2020-12-01 17:35:19,194] Trial 23 finished with value: 1920.321492198797 and parameters: {'n_estimators': 526, 'max_depth': 5, 'learning_rate': 0.07388525904857177, 'subsample': 0.36424843343364877, 'colsample_bytree': 0.10241754008831705}. Best is trial 1 with value: 2280.9801032436053.
[I 2020-12-01 17:35:33,782] Trial 24 finished with value: 2414.2089491777156 and parameters: {'n_estimators': 561, 'max_depth': 5, 'learning_rate': 0.06422578832049916, 'subsample': 0.19947934408345785, 'colsample_bytree': 0.1920491171497079}. Best is trial 24 with value: 2414.2089491777156.
[I 2020-12-01 17:35:49,066] Trial 25 finished with value: 1798.182116374396 and parameters: {'n_estimators': 589, 'max_depth': 5, 'learning_rate': 0.06341095571298391, 'subsample': 0.326765477733131, 'colsample_bytree': 0.18757059998944106}. Best is trial 24 with value: 2414.2089491777156.
[I 2020-12-01 17:36:03,784] Trial 26 finished with value: 2300.800795195656 and parameters: {'n_estimators': 565, 'max_depth': 5, 'learning_rate': 0.05530949999682759, 'subsample': 0.1547647868855746, 'colsample_bytree': 0.2664026612032337}. Best is trial 24 with value: 2414.2089491777156.
[I 2020-12-01 17:36:17,362] Trial 27 finished with value: 1762.9260589958656 and parameters: {'n_estimators': 517, 'max_depth': 5, 'learning_rate': 0.05334292708251297, 'subsample': 0.1165068938547959, 'colsample_bytree': 0.2679179474839819}. Best is trial 24 with value: 2414.2089491777156.
[I 2020-12-01 17:36:32,155] Trial 28 finished with value: 2096.1938653906477 and parameters: {'n_estimators': 570, 'max_depth': 5, 'learning_rate': 0.047636954870462225, 'subsample': 0.1843296180131473, 'colsample_bytree': 0.2298843489782078}. Best is trial 24 with value: 2414.2089491777156.
[I 2020-12-01 17:36:45,200] Trial 29 finished with value: 1850.1508731470615 and parameters: {'n_estimators': 490, 'max_depth': 5, 'learning_rate': 0.04015829707178921, 'subsample': 0.8883971228962733, 'colsample_bytree': 0.16140990959733365}. Best is trial 24 with value: 2414.2089491777156.
[I 2020-12-01 17:37:00,160] Trial 30 finished with value: 1691.98196442317 and parameters: {'n_estimators': 599, 'max_depth': 5, 'learning_rate': 0.05683003359233693, 'subsample': 0.9896268596089598, 'colsample_bytree': 0.33135177348081263}. Best is trial 24 with value: 2414.2089491777156.
[I 2020-12-01 17:37:14,743] Trial 31 finished with value: 1758.9153918436346 and parameters: {'n_estimators': 552, 'max_depth': 5, 'learning_rate': 0.06029422419748243, 'subsample': 0.15650225451682948, 'colsample_bytree': 0.13425627139457186}. Best is trial 24 with value: 2414.2089491777156.
[I 2020-12-01 17:37:28,544] Trial 32 finished with value: 2130.579591875797 and parameters: {'n_estimators': 528, 'max_depth': 5, 'learning_rate': 0.06614250656518626, 'subsample': 0.23092188909619055, 'colsample_bytree': 0.22942658116569817}. Best is trial 24 with value: 2414.2089491777156.
[I 2020-12-01 17:37:43,298] Trial 33 finished with value: 1616.8094609398438 and parameters: {'n_estimators': 562, 'max_depth': 5, 'learning_rate': 0.0715006667072435, 'subsample': 0.10050307856171686, 'colsample_bytree': 0.11771248368091532}. Best is trial 24 with value: 2414.2089491777156.
[I 2020-12-01 17:37:57,526] Trial 34 finished with value: 2008.0296687039254 and parameters: {'n_estimators': 538, 'max_depth': 5, 'learning_rate': 0.054510468505972805, 'subsample': 0.34563893316424743, 'colsample_bytree': 0.17706675689650464}. Best is trial 24 with value: 2414.2089491777156.
[I 2020-12-01 17:38:12,323] Trial 35 finished with value: 1736.555908635664 and parameters: {'n_estimators': 579, 'max_depth': 5, 'learning_rate': 0.0644131442072981, 'subsample': 0.2329772117721608, 'colsample_bytree': 0.4479627689041804}. Best is trial 24 with value: 2414.2089491777156.
[I 2020-12-01 17:38:26,715] Trial 36 finished with value: 1854.0932873764448 and parameters: {'n_estimators': 552, 'max_depth': 5, 'learning_rate': 0.04896140956429363, 'subsample': 0.40933001533704394, 'colsample_bytree': 0.3231551916793298}. Best is trial 24 with value: 2414.2089491777156.
[I 2020-12-01 17:38:39,656] Trial 37 finished with value: 1805.9683060618233 and parameters: {'n_estimators': 488, 'max_depth': 5, 'learning_rate': 0.05885712541830512, 'subsample': 0.6286238847809764, 'colsample_bytree': 0.25864652988896286}. Best is trial 24 with value: 2414.2089491777156.
[I 2020-12-01 17:38:49,674] Trial 38 finished with value: 1734.2144467471394 and parameters: {'n_estimators': 352, 'max_depth': 5, 'learning_rate': 0.08003699864717534, 'subsample': 0.5164135712118598, 'colsample_bytree': 0.1842374828976143}. Best is trial 24 with value: 2414.2089491777156.
[I 2020-12-01 17:39:08,021] Trial 39 finished with value: 1560.3906795911882 and parameters: {'n_estimators': 521, 'max_depth': 7, 'learning_rate': 0.045314731437699735, 'subsample': 0.8092880562706776, 'colsample_bytree': 0.1400007162218412}. Best is trial 24 with value: 2414.2089491777156.
[I 2020-12-01 17:39:19,502] Trial 40 finished with value: 1870.460702768072 and parameters: {'n_estimators': 424, 'max_depth': 5, 'learning_rate': 0.07257648320483552, 'subsample': 0.17610155601152022, 'colsample_bytree': 0.3289595609053204}. Best is trial 24 with value: 2414.2089491777156.
[I 2020-12-01 17:39:29,566] Trial 41 finished with value: 1680.2308248987442 and parameters: {'n_estimators': 305, 'max_depth': 6, 'learning_rate': 0.07751290802566128, 'subsample': 0.3034052651773852, 'colsample_bytree': 0.8677006718090312}. Best is trial 24 with value: 2414.2089491777156.
[I 2020-12-01 17:39:45,726] Trial 42 finished with value: 894.4409444677818 and parameters: {'n_estimators': 542, 'max_depth': 6, 'learning_rate': 0.08518524456518498, 'subsample': 0.23508451382586446, 'colsample_bytree': 0.584720280631574}. Best is trial 24 with value: 2414.2089491777156.
[I 2020-12-01 17:40:02,418] Trial 43 finished with value: 1350.65371391913 and parameters: {'n_estimators': 565, 'max_depth': 6, 'learning_rate': 0.07670218229145487, 'subsample': 0.15132382449462867, 'colsample_bytree': 0.6871411384453582}. Best is trial 24 with value: 2414.2089491777156.
[I 2020-12-01 17:40:19,895] Trial 44 finished with value: 1500.1834335623646 and parameters: {'n_estimators': 588, 'max_depth': 6, 'learning_rate': 0.060473115016895576, 'subsample': 0.27644832429523875, 'colsample_bytree': 0.21154728441145026}. Best is trial 24 with value: 2414.2089491777156.
[I 2020-12-01 17:40:36,310] Trial 45 finished with value: 1513.8535415679905 and parameters: {'n_estimators': 553, 'max_depth': 6, 'learning_rate': 0.06640435401831228, 'subsample': 0.2163577898588672, 'colsample_bytree': 0.4887163781435853}. Best is trial 24 with value: 2414.2089491777156.
[I 2020-12-01 17:40:50,713] Trial 46 finished with value: 1366.2010049908524 and parameters: {'n_estimators': 475, 'max_depth': 6, 'learning_rate': 0.056268335622379206, 'subsample': 0.13230717050522123, 'colsample_bytree': 0.7377894288395925}. Best is trial 24 with value: 2414.2089491777156.
[I 2020-12-01 17:41:06,071] Trial 47 finished with value: 1874.2086273685625 and parameters: {'n_estimators': 599, 'max_depth': 5, 'learning_rate': 0.06335173092247724, 'subsample': 0.6695655267425403, 'colsample_bytree': 0.39944819495512374}. Best is trial 24 with value: 2414.2089491777156.
[I 2020-12-01 17:41:24,933] Trial 48 finished with value: 1636.9715847662294 and parameters: {'n_estimators': 537, 'max_depth': 7, 'learning_rate': 0.08064975917585607, 'subsample': 0.2630617016837824, 'colsample_bytree': 0.15180180863403653}. Best is trial 24 with value: 2414.2089491777156.
[I 2020-12-01 17:41:41,729] Trial 49 finished with value: 1861.0017218445707 and parameters: {'n_estimators': 564, 'max_depth': 6, 'learning_rate': 0.05171477866649503, 'subsample': 0.46513102986167076, 'colsample_bytree': 0.28512752738116365}. Best is trial 24 with value: 2414.2089491777156.
[I 2020-12-01 17:41:56,968] Trial 50 finished with value: 1665.2136155155313 and parameters: {'n_estimators': 588, 'max_depth': 5, 'learning_rate': 0.07530820900204507, 'subsample': 0.33029549580424755, 'colsample_bytree': 0.25531254019263827}. Best is trial 24 with value: 2414.2089491777156.
[I 2020-12-01 17:42:10,880] Trial 51 finished with value: 2357.9741173141183 and parameters: {'n_estimators': 528, 'max_depth': 5, 'learning_rate': 0.06647504008018863, 'subsample': 0.20558725711414252, 'colsample_bytree': 0.21198136414513874}. Best is trial 24 with value: 2414.2089491777156.
[I 2020-12-01 17:42:24,852] Trial 52 finished with value: 1515.7058572663807 and parameters: {'n_estimators': 513, 'max_depth': 5, 'learning_rate': 0.07054187622895476, 'subsample': 0.1971119620315713, 'colsample_bytree': 0.10570071165745008}. Best is trial 24 with value: 2414.2089491777156.
[I 2020-12-01 17:42:39,307] Trial 53 finished with value: 1667.1879834028239 and parameters: {'n_estimators': 552, 'max_depth': 5, 'learning_rate': 0.06861526762636291, 'subsample': 0.10307906844436154, 'colsample_bytree': 0.21507315984888706}. Best is trial 24 with value: 2414.2089491777156.
[I 2020-12-01 17:42:54,192] Trial 54 finished with value: 1705.8988740130726 and parameters: {'n_estimators': 576, 'max_depth': 5, 'learning_rate': 0.06140022391431234, 'subsample': 0.1483437376506157, 'colsample_bytree': 0.3624159872207667}. Best is trial 24 with value: 2414.2089491777156.
[I 2020-12-01 17:43:08,360] Trial 55 finished with value: 2014.6940721360609 and parameters: {'n_estimators': 540, 'max_depth': 5, 'learning_rate': 0.0651559625240373, 'subsample': 0.25566761580518566, 'colsample_bytree': 0.18694393802289255}. Best is trial 24 with value: 2414.2089491777156.
[I 2020-12-01 17:43:22,138] Trial 56 finished with value: 1775.6536015438473 and parameters: {'n_estimators': 528, 'max_depth': 5, 'learning_rate': 0.0677120987684917, 'subsample': 0.20260030115040029, 'colsample_bytree': 0.3124990644246288}. Best is trial 24 with value: 2414.2089491777156.
[I 2020-12-01 17:43:37,002] Trial 57 finished with value: 1816.409757223782 and parameters: {'n_estimators': 563, 'max_depth': 5, 'learning_rate': 0.058056451612474934, 'subsample': 0.30580162674455474, 'colsample_bytree': 0.10099188175779782}. Best is trial 24 with value: 2414.2089491777156.
[I 2020-12-01 17:43:52,033] Trial 58 finished with value: 1852.9598705560609 and parameters: {'n_estimators': 502, 'max_depth': 6, 'learning_rate': 0.07287512907675628, 'subsample': 0.9418592996405045, 'colsample_bytree': 0.1441938901497422}. Best is trial 24 with value: 2414.2089491777156.
[I 2020-12-01 17:44:04,118] Trial 59 finished with value: 1825.0394863850734 and parameters: {'n_estimators': 447, 'max_depth': 5, 'learning_rate': 0.054874652404205894, 'subsample': 0.3850716259599376, 'colsample_bytree': 0.24735630645124937}. Best is trial 24 with value: 2414.2089491777156.
[I 2020-12-01 17:44:17,138] Trial 60 finished with value: 1762.6012976023844 and parameters: {'n_estimators': 493, 'max_depth': 5, 'learning_rate': 0.061912118238783516, 'subsample': 0.5743695276684702, 'colsample_bytree': 0.4403188617738847}. Best is trial 24 with value: 2414.2089491777156.
[I 2020-12-01 17:44:31,072] Trial 61 finished with value: 2148.1239727949333 and parameters: {'n_estimators': 532, 'max_depth': 5, 'learning_rate': 0.06658518722577605, 'subsample': 0.23581402961204168, 'colsample_bytree': 0.216155409461703}. Best is trial 24 with value: 2414.2089491777156.
[I 2020-12-01 17:44:45,221] Trial 62 finished with value: 1690.3593762694632 and parameters: {'n_estimators': 547, 'max_depth': 5, 'learning_rate': 0.06937453952500924, 'subsample': 0.2511639757526692, 'colsample_bytree': 0.3566128378840497}. Best is trial 24 with value: 2414.2089491777156.
[I 2020-12-01 17:44:58,929] Trial 63 finished with value: 1881.2064630574207 and parameters: {'n_estimators': 519, 'max_depth': 5, 'learning_rate': 0.0638043733919926, 'subsample': 0.1375163560038631, 'colsample_bytree': 0.1950617466511916}. Best is trial 24 with value: 2414.2089491777156.
[I 2020-12-01 17:45:12,852] Trial 64 finished with value: 1932.458082228677 and parameters: {'n_estimators': 532, 'max_depth': 5, 'learning_rate': 0.053060191784548204, 'subsample': 0.1733989198465885, 'colsample_bytree': 0.28959332906043195}. Best is trial 24 with value: 2414.2089491777156.
[I 2020-12-01 17:45:27,403] Trial 65 finished with value: 1756.4393296267376 and parameters: {'n_estimators': 555, 'max_depth': 5, 'learning_rate': 0.059526006768752124, 'subsample': 0.20947492402102186, 'colsample_bytree': 0.16761944709083543}. Best is trial 24 with value: 2414.2089491777156.
[I 2020-12-01 17:45:42,201] Trial 66 finished with value: 1691.2305508927948 and parameters: {'n_estimators': 570, 'max_depth': 5, 'learning_rate': 0.0674783284261271, 'subsample': 0.28001730040101225, 'colsample_bytree': 0.22824409833211692}. Best is trial 24 with value: 2414.2089491777156.
[I 2020-12-01 17:45:57,351] Trial 67 finished with value: 2072.0373093019334 and parameters: {'n_estimators': 581, 'max_depth': 5, 'learning_rate': 0.0576720287663864, 'subsample': 0.7468133851985983, 'colsample_bytree': 0.1274522805417299}. Best is trial 24 with value: 2414.2089491777156.
[I 2020-12-01 17:46:11,599] Trial 68 finished with value: 1561.9541276290859 and parameters: {'n_estimators': 544, 'max_depth': 5, 'learning_rate': 0.08934266451204906, 'subsample': 0.18175726445909784, 'colsample_bytree': 0.20367586742071442}. Best is trial 24 with value: 2414.2089491777156.
[I 2020-12-01 17:46:25,531] Trial 69 finished with value: 1802.6756853193183 and parameters: {'n_estimators': 529, 'max_depth': 5, 'learning_rate': 0.07466786263457602, 'subsample': 0.36339127572430163, 'colsample_bytree': 0.1560353946241392}. Best is trial 24 with value: 2414.2089491777156.
[I 2020-12-01 17:46:38,916] Trial 70 finished with value: 1362.364296862615 and parameters: {'n_estimators': 508, 'max_depth': 5, 'learning_rate': 0.07159555710680962, 'subsample': 0.31700307183839105, 'colsample_bytree': 0.6240097082026552}. Best is trial 24 with value: 2414.2089491777156.
[I 2020-12-01 17:46:52,688] Trial 71 finished with value: 1743.5676021257889 and parameters: {'n_estimators': 523, 'max_depth': 5, 'learning_rate': 0.06545584799054986, 'subsample': 0.23131455995116149, 'colsample_bytree': 0.23773942260260073}. Best is trial 24 with value: 2414.2089491777156.
[I 2020-12-01 17:47:07,211] Trial 72 finished with value: 1923.6799877242604 and parameters: {'n_estimators': 558, 'max_depth': 5, 'learning_rate': 0.06639241999595741, 'subsample': 0.24019282674327025, 'colsample_bytree': 0.2651179936117559}. Best is trial 24 with value: 2414.2089491777156.
[I 2020-12-01 17:47:21,355] Trial 73 finished with value: 2005.6594594645808 and parameters: {'n_estimators': 534, 'max_depth': 5, 'learning_rate': 0.062101861433899196, 'subsample': 0.2164391805729599, 'colsample_bytree': 0.12555161789399522}. Best is trial 24 with value: 2414.2089491777156.
