[I 2020-12-01 17:47:36,189] Trial 74 finished with value: 1806.8460091655895 and parameters: {'n_estimators': 572, 'max_depth': 5, 'learning_rate': 0.06981227327370143, 'subsample': 0.2889670036515656, 'colsample_bytree': 0.30269090158355455}. Best is trial 24 with value: 2414.2089491777156.
[I 2020-12-01 17:47:50,546] Trial 75 finished with value: 1714.9694779491865 and parameters: {'n_estimators': 546, 'max_depth': 5, 'learning_rate': 0.049919517353743746, 'subsample': 0.13091858920679234, 'colsample_bytree': 0.17395773060092407}. Best is trial 24 with value: 2414.2089491777156.
[I 2020-12-01 17:48:05,833] Trial 76 finished with value: 1603.1741219566672 and parameters: {'n_estimators': 591, 'max_depth': 5, 'learning_rate': 0.08323090716940132, 'subsample': 0.17536201078354033, 'colsample_bytree': 0.2028877016801175}. Best is trial 24 with value: 2414.2089491777156.
[I 2020-12-01 17:48:21,391] Trial 77 finished with value: 1506.1972765679325 and parameters: {'n_estimators': 514, 'max_depth': 6, 'learning_rate': 0.06458422598278198, 'subsample': 0.11445237838206544, 'colsample_bytree': 0.23526613287548415}. Best is trial 24 with value: 2414.2089491777156.
[I 2020-12-01 17:48:34,224] Trial 78 finished with value: 1476.5204366382598 and parameters: {'n_estimators': 483, 'max_depth': 5, 'learning_rate': 0.07712290996883005, 'subsample': 0.27082725721540085, 'colsample_bytree': 0.2751161935138597}. Best is trial 24 with value: 2414.2089491777156.
[I 2020-12-01 17:48:48,719] Trial 79 finished with value: 1546.0841654710478 and parameters: {'n_estimators': 560, 'max_depth': 5, 'learning_rate': 0.060979626459711805, 'subsample': 0.16509344779646112, 'colsample_bytree': 0.5165360765058771}. Best is trial 24 with value: 2414.2089491777156.
[I 2020-12-01 17:49:01,850] Trial 80 finished with value: 1725.49009726602 and parameters: {'n_estimators': 499, 'max_depth': 5, 'learning_rate': 0.05603602724537805, 'subsample': 0.2263130413317278, 'colsample_bytree': 0.8788334600464298}. Best is trial 24 with value: 2414.2089491777156.
[I 2020-12-01 17:49:16,695] Trial 81 finished with value: 2122.861294620455 and parameters: {'n_estimators': 572, 'max_depth': 5, 'learning_rate': 0.04707312221049148, 'subsample': 0.1852209976144918, 'colsample_bytree': 0.23132642981087914}. Best is trial 24 with value: 2414.2089491777156.
[I 2020-12-01 17:49:31,664] Trial 82 finished with value: 2200.389829184528 and parameters: {'n_estimators': 572, 'max_depth': 5, 'learning_rate': 0.030855320278360288, 'subsample': 0.19031917775045104, 'colsample_bytree': 0.16086319421689368}. Best is trial 24 with value: 2414.2089491777156.
[I 2020-12-01 17:49:46,100] Trial 83 finished with value: 2242.5018709660926 and parameters: {'n_estimators': 548, 'max_depth': 5, 'learning_rate': 0.03655584643133261, 'subsample': 0.2028700537053476, 'colsample_bytree': 0.15415789695139034}. Best is trial 24 with value: 2414.2089491777156.
[I 2020-12-01 17:50:00,572] Trial 84 finished with value: 2025.259874537107 and parameters: {'n_estimators': 546, 'max_depth': 5, 'learning_rate': 0.03283280332755529, 'subsample': 0.19704534374294919, 'colsample_bytree': 0.11086031568376796}. Best is trial 24 with value: 2414.2089491777156.
[I 2020-12-01 17:50:15,873] Trial 85 finished with value: 2021.6379648354664 and parameters: {'n_estimators': 587, 'max_depth': 5, 'learning_rate': 0.03822566554238699, 'subsample': 0.14430293903056424, 'colsample_bytree': 0.16159617895443348}. Best is trial 24 with value: 2414.2089491777156.
[I 2020-12-01 17:50:30,998] Trial 86 finished with value: 2076.3745252137282 and parameters: {'n_estimators': 581, 'max_depth': 5, 'learning_rate': 0.031387240788175355, 'subsample': 0.2514105933378965, 'colsample_bytree': 0.1363687734346949}. Best is trial 24 with value: 2414.2089491777156.
[I 2020-12-01 17:50:45,840] Trial 87 finished with value: 2139.0300779131353 and parameters: {'n_estimators': 567, 'max_depth': 5, 'learning_rate': 0.035181009756712615, 'subsample': 0.33641578524556914, 'colsample_bytree': 0.17473151050218255}. Best is trial 24 with value: 2414.2089491777156.
[I 2020-12-01 17:51:00,572] Trial 88 finished with value: 2147.5803045721627 and parameters: {'n_estimators': 556, 'max_depth': 5, 'learning_rate': 0.042561620836971494, 'subsample': 0.1592303579701559, 'colsample_bytree': 0.10002288967591486}. Best is trial 24 with value: 2414.2089491777156.
[I 2020-12-01 17:51:16,717] Trial 89 finished with value: 1802.4088633290212 and parameters: {'n_estimators': 538, 'max_depth': 6, 'learning_rate': 0.036449823763040845, 'subsample': 0.8656301896373632, 'colsample_bytree': 0.19808071453422474}. Best is trial 24 with value: 2414.2089491777156.
[I 2020-12-01 17:51:32,133] Trial 90 finished with value: 2072.1984124500286 and parameters: {'n_estimators': 597, 'max_depth': 5, 'learning_rate': 0.032981048349922285, 'subsample': 0.11546107214452397, 'colsample_bytree': 0.34280833233823}. Best is trial 24 with value: 2414.2089491777156.
[I 2020-12-01 17:51:46,807] Trial 91 finished with value: 2130.490742047528 and parameters: {'n_estimators': 556, 'max_depth': 5, 'learning_rate': 0.04046115115008832, 'subsample': 0.15354423384233545, 'colsample_bytree': 0.10948044061211165}. Best is trial 24 with value: 2414.2089491777156.
[I 2020-12-01 17:52:01,555] Trial 92 finished with value: 1921.3220871040412 and parameters: {'n_estimators': 559, 'max_depth': 5, 'learning_rate': 0.04262227073025404, 'subsample': 0.1963335970980483, 'colsample_bytree': 0.10002617149971445}. Best is trial 24 with value: 2414.2089491777156.
[I 2020-12-01 17:52:16,087] Trial 93 finished with value: 2189.945222585722 and parameters: {'n_estimators': 550, 'max_depth': 5, 'learning_rate': 0.03791426027686136, 'subsample': 0.21520394361921935, 'colsample_bytree': 0.1374314584322746}. Best is trial 24 with value: 2414.2089491777156.
[I 2020-12-01 17:52:30,398] Trial 94 finished with value: 2206.820311087446 and parameters: {'n_estimators': 544, 'max_depth': 5, 'learning_rate': 0.03768415140917368, 'subsample': 0.21427777851183197, 'colsample_bytree': 0.13845696412293104}. Best is trial 24 with value: 2414.2089491777156.
[I 2020-12-01 17:52:44,897] Trial 95 finished with value: 2221.585506751055 and parameters: {'n_estimators': 551, 'max_depth': 5, 'learning_rate': 0.034565337834429166, 'subsample': 0.21415385430543818, 'colsample_bytree': 0.14384512985024187}. Best is trial 24 with value: 2414.2089491777156.
[I 2020-12-01 17:52:59,405] Trial 96 finished with value: 2087.2339576367135 and parameters: {'n_estimators': 550, 'max_depth': 5, 'learning_rate': 0.038235490486280714, 'subsample': 0.2106773425876788, 'colsample_bytree': 0.1455574826208153}. Best is trial 24 with value: 2414.2089491777156.
[I 2020-12-01 17:53:13,727] Trial 97 finished with value: 2030.117592134245 and parameters: {'n_estimators': 542, 'max_depth': 5, 'learning_rate': 0.03420839283679353, 'subsample': 0.10100761342049143, 'colsample_bytree': 0.12692716126518028}. Best is trial 24 with value: 2414.2089491777156.
[I 2020-12-01 17:53:28,616] Trial 98 finished with value: 2093.1900849822905 and parameters: {'n_estimators': 566, 'max_depth': 5, 'learning_rate': 0.030597792568188124, 'subsample': 0.2644028432401355, 'colsample_bytree': 0.15575125023511216}. Best is trial 24 with value: 2414.2089491777156.
[I 2020-12-01 17:53:43,675] Trial 99 finished with value: 2129.118136824288 and parameters: {'n_estimators': 577, 'max_depth': 5, 'learning_rate': 0.037140079116687576, 'subsample': 0.297310698629521, 'colsample_bytree': 0.1837218702353634}. Best is trial 24 with value: 2414.2089491777156.